<?xml version="1.0" encoding="UTF-8"?>
<!-- Generated by org.testng.reporters.JUnitXMLReporter -->
<testsuite ignored="0" hostname="Subodhs-MacBook-Pro.local" failures="0" tests="4" name="Surefire test" time="11.873" errors="0" timestamp="2020-07-06T01:32:51 IST">
  <testcase classname="googleTest.GoogleSearchTest" name="googleSearchTest" time="3.446"/>
  <testcase classname="googleTest.GoogleSearchTest" name="googleSearchTest" time="2.02"/>
  <testcase classname="googleTest.GoogleSearchTest" name="validateGoogleMenusControlsAreEnabled" time="0.083"/>
  <testcase classname="googleTest.GoogleSearchTest" name="validateGoogleSearchControlsAreEnabled" time="0.032"/>
</testsuite> <!-- Surefire test -->
