<?xml version="1.0" encoding="UTF-8"?>
<!-- Generated by org.testng.reporters.JUnitXMLReporter -->
<testsuite ignored="0" hostname="Subodhs-MacBook-Pro.local" failures="0" tests="4" name="Surefire test" time="12.972" errors="0" timestamp="2020-07-06T01:21:04 IST">
  <testcase classname="googleTest.GoogleSearchTest" name="googleSearchTest" time="3.546"/>
  <testcase classname="googleTest.GoogleSearchTest" name="googleSearchTest" time="2.25"/>
  <testcase classname="googleTest.GoogleSearchTest" name="validateGoogleMenusControlsAreEnabled" time="0.069"/>
  <testcase classname="googleTest.GoogleSearchTest" name="validateGoogleSearchControlsAreEnabled" time="0.036"/>
</testsuite> <!-- Surefire test -->
