<?xml version="1.0" encoding="UTF-8"?>
<testsuite xmlns:xsi="http://www.w3.org/2001/XMLSchema-instance" xsi:noNamespaceSchemaLocation="https://maven.apache.org/surefire/maven-surefire-plugin/xsd/surefire-test-report.xsd" name="TestSuite" time="18.652" tests="4" errors="0" skipped="0" failures="0">
  <properties>
[...]
</properties>
  <testcase name="googleSearchTest" classname="googleTest.GoogleSearchTest" time="3.549"/>
  <testcase name="googleSearchTest" classname="googleTest.GoogleSearchTest" time="2.25"/>
  <testcase name="validateGoogleMenusControlsAreEnabled" classname="googleTest.GoogleSearchTest" time="0.07"/>
  <testcase name="validateGoogleSearchControlsAreEnabled" classname="googleTest.GoogleSearchTest" time="0.037"/>
</testsuite>