<?xml version="1.0" encoding="UTF-8"?>
<testng-results ignored="0" total="4" passed="4" failed="0" skipped="0">
  <reporter-output>
    <line>
      <![CDATA[PASS;GoogleSearchPage->doSearch: Value Selenium is entered on element By.name: q;/Users/subodhsingh/Desktop/subodh/automation/automationCoders/git/automationCoders/com/automationCoders/reports/screenShots/web/GoogleSearchPage.png]]>
    </line>
    <line>
      <![CDATA[PASS;GoogleSearchPage->doSearchBy.xpath: (//input[@name='btnK'])[2] is clicked]]>
    </line>
    <line>
      <![CDATA[PASS;GoogleSearchFlow->googleSearch: Search is done navigated to page Selenium - Google Search]]>
    </line>
    <line>
      <![CDATA[INFO;GoogleSearchFlow->googleSearch: Search Result output - About 3,92,00,000 results (0.44 seconds) ]]>
    </line>
    <line>
      <![CDATA[PASS;GoogleSearchPage->doSearch: Value Appium is entered on element By.name: q;/Users/subodhsingh/Desktop/subodh/automation/automationCoders/git/automationCoders/com/automationCoders/reports/screenShots/web/GoogleSearchPage.png]]>
    </line>
    <line>
      <![CDATA[PASS;GoogleSearchPage->doSearchBy.xpath: (//input[@name='btnK'])[2] is clicked]]>
    </line>
    <line>
      <![CDATA[PASS;GoogleSearchFlow->googleSearch: Search is done navigated to page Appium - Google Search]]>
    </line>
    <line>
      <![CDATA[INFO;GoogleSearchFlow->googleSearch: Search Result output - About 26,80,000 results (0.38 seconds) ]]>
    </line>
    <line>
      <![CDATA[PASS;GoogleSearchFlow->validateGoogleMenusIsEnabled: Gmail link is enabled on Google Search Page.]]>
    </line>
    <line>
      <![CDATA[PASS;GoogleSearchFlow->validateGoogleMenusIsEnabled: Images link is enabled on Google Search Page.]]>
    </line>
    <line>
      <![CDATA[PASS;GoogleSearchFlow->validateGoogleMenusIsEnabled: Google Apps link is enabled on Google Search Page.]]>
    </line>
    <line>
      <![CDATA[PASS;GoogleSearchFlow->validateGoogleMenusIsEnabled: Sign In link is enabled on Google Search Page.]]>
    </line>
    <line>
      <![CDATA[PASS;GoogleSearchFlow->validateGoogleSearchControlsAreEnabled: Google Search Button is enabled on Google Search Page.]]>
    </line>
    <line>
      <![CDATA[PASS;GoogleSearchFlow->validateGoogleSearchControlsAreEnabled: I'm felling Lucky Button is enabled on Google Search Page.]]>
    </line>
  </reporter-output>
  <suite started-at="2020-07-06T01:20:46 IST" name="Surefire suite" finished-at="2020-07-06T01:20:59 IST" duration-ms="12972">
    <groups>
    </groups>
    <test started-at="2020-07-06T01:20:46 IST" name="Surefire test" finished-at="2020-07-06T01:20:59 IST" duration-ms="12972">
      <class name="googleTest.GoogleSearchTest">
        <test-method is-config="true" signature="setUpSuite()[pri:0, instance:googleTest.GoogleSearchTest@8dbdac1]" started-at="2020-07-06T01:20:46 IST" name="setUpSuite" finished-at="2020-07-06T01:20:46 IST" duration-ms="6" status="PASS">
          <reporter-output>
          </reporter-output>
        </test-method> <!-- setUpSuite -->
        <test-method is-config="true" signature="getGoogleSearchApp()[pri:0, instance:googleTest.GoogleSearchTest@8dbdac1]" started-at="2020-07-06T01:20:46 IST" name="getGoogleSearchApp" finished-at="2020-07-06T01:20:50 IST" duration-ms="3767" status="PASS">
          <reporter-output>
          </reporter-output>
        </test-method> <!-- getGoogleSearchApp -->
        <test-method signature="googleSearchTest(java.lang.String)[pri:0, instance:googleTest.GoogleSearchTest@8dbdac1]" started-at="2020-07-06T01:20:50 IST" name="googleSearchTest" data-provider="googleSearchTestData" finished-at="2020-07-06T01:20:53 IST" duration-ms="3546" status="PASS">
          <params>
            <param index="0">
              <value>
                <![CDATA[Selenium]]>
              </value>
            </param>
          </params>
          <reporter-output>
            <line>
              <![CDATA[PASS;GoogleSearchPage->doSearch: Value Selenium is entered on element By.name: q;/Users/subodhsingh/Desktop/subodh/automation/automationCoders/git/automationCoders/com/automationCoders/reports/screenShots/web/GoogleSearchPage.png]]>
            </line>
            <line>
              <![CDATA[PASS;GoogleSearchPage->doSearchBy.xpath: (//input[@name='btnK'])[2] is clicked]]>
            </line>
            <line>
              <![CDATA[PASS;GoogleSearchFlow->googleSearch: Search is done navigated to page Selenium - Google Search]]>
            </line>
            <line>
              <![CDATA[INFO;GoogleSearchFlow->googleSearch: Search Result output - About 3,92,00,000 results (0.44 seconds) ]]>
            </line>
          </reporter-output>
        </test-method> <!-- googleSearchTest -->
        <test-method is-config="true" signature="getGoogleSearchApp()[pri:0, instance:googleTest.GoogleSearchTest@8dbdac1]" started-at="2020-07-06T01:20:53 IST" name="getGoogleSearchApp" finished-at="2020-07-06T01:20:55 IST" duration-ms="1781" status="PASS">
          <reporter-output>
          </reporter-output>
        </test-method> <!-- getGoogleSearchApp -->
        <test-method signature="googleSearchTest(java.lang.String)[pri:0, instance:googleTest.GoogleSearchTest@8dbdac1]" started-at="2020-07-06T01:20:55 IST" name="googleSearchTest" data-provider="googleSearchTestData" finished-at="2020-07-06T01:20:57 IST" duration-ms="2250" status="PASS">
          <params>
            <param index="0">
              <value>
                <![CDATA[Appium]]>
              </value>
            </param>
          </params>
          <reporter-output>
            <line>
              <![CDATA[PASS;GoogleSearchPage->doSearch: Value Appium is entered on element By.name: q;/Users/subodhsingh/Desktop/subodh/automation/automationCoders/git/automationCoders/com/automationCoders/reports/screenShots/web/GoogleSearchPage.png]]>
            </line>
            <line>
              <![CDATA[PASS;GoogleSearchPage->doSearchBy.xpath: (//input[@name='btnK'])[2] is clicked]]>
            </line>
            <line>
              <![CDATA[PASS;GoogleSearchFlow->googleSearch: Search is done navigated to page Appium - Google Search]]>
            </line>
            <line>
              <![CDATA[INFO;GoogleSearchFlow->googleSearch: Search Result output - About 26,80,000 results (0.38 seconds) ]]>
            </line>
          </reporter-output>
        </test-method> <!-- googleSearchTest -->
        <test-method is-config="true" signature="getGoogleSearchApp()[pri:0, instance:googleTest.GoogleSearchTest@8dbdac1]" started-at="2020-07-06T01:20:57 IST" name="getGoogleSearchApp" finished-at="2020-07-06T01:20:58 IST" duration-ms="708" status="PASS">
          <reporter-output>
          </reporter-output>
        </test-method> <!-- getGoogleSearchApp -->
        <test-method signature="validateGoogleMenusControlsAreEnabled()[pri:0, instance:googleTest.GoogleSearchTest@8dbdac1]" started-at="2020-07-06T01:20:58 IST" name="validateGoogleMenusControlsAreEnabled" finished-at="2020-07-06T01:20:58 IST" duration-ms="69" status="PASS">
          <reporter-output>
            <line>
              <![CDATA[PASS;GoogleSearchFlow->validateGoogleMenusIsEnabled: Gmail link is enabled on Google Search Page.]]>
            </line>
            <line>
              <![CDATA[PASS;GoogleSearchFlow->validateGoogleMenusIsEnabled: Images link is enabled on Google Search Page.]]>
            </line>
            <line>
              <![CDATA[PASS;GoogleSearchFlow->validateGoogleMenusIsEnabled: Google Apps link is enabled on Google Search Page.]]>
            </line>
            <line>
              <![CDATA[PASS;GoogleSearchFlow->validateGoogleMenusIsEnabled: Sign In link is enabled on Google Search Page.]]>
            </line>
          </reporter-output>
        </test-method> <!-- validateGoogleMenusControlsAreEnabled -->
        <test-method is-config="true" signature="getGoogleSearchApp()[pri:0, instance:googleTest.GoogleSearchTest@8dbdac1]" started-at="2020-07-06T01:20:58 IST" name="getGoogleSearchApp" finished-at="2020-07-06T01:20:59 IST" duration-ms="658" status="PASS">
          <reporter-output>
          </reporter-output>
        </test-method> <!-- getGoogleSearchApp -->
        <test-method signature="validateGoogleSearchControlsAreEnabled()[pri:0, instance:googleTest.GoogleSearchTest@8dbdac1]" started-at="2020-07-06T01:20:59 IST" name="validateGoogleSearchControlsAreEnabled" finished-at="2020-07-06T01:20:59 IST" duration-ms="36" status="PASS">
          <reporter-output>
            <line>
              <![CDATA[PASS;GoogleSearchFlow->validateGoogleSearchControlsAreEnabled: Google Search Button is enabled on Google Search Page.]]>
            </line>
            <line>
              <![CDATA[PASS;GoogleSearchFlow->validateGoogleSearchControlsAreEnabled: I'm felling Lucky Button is enabled on Google Search Page.]]>
            </line>
          </reporter-output>
        </test-method> <!-- validateGoogleSearchControlsAreEnabled -->
        <test-method is-config="true" signature="closeBrowser()[pri:0, instance:googleTest.GoogleSearchTest@8dbdac1]" started-at="2020-07-06T01:20:59 IST" name="closeBrowser" finished-at="2020-07-06T01:20:59 IST" duration-ms="124" status="PASS">
          <reporter-output>
          </reporter-output>
        </test-method> <!-- closeBrowser -->
      </class> <!-- googleTest.GoogleSearchTest -->
    </test> <!-- Surefire test -->
  </suite> <!-- Surefire suite -->
</testng-results>
